2018-11-02 14:57:55 INFO  ApacheHttpClient.testConnection(198) - result = true
2018-11-02 14:57:57 INFO  ApacheHttpClient.getWebResourceAsStream(437) - responseCode = 200
2018-11-02 14:58:06 INFO  ApacheHttpClient.testConnection(187) - responseCode = 200
2018-11-02 14:58:06 INFO  ApacheHttpClient.testConnection(198) - result = true
2018-11-02 14:58:07 INFO  ApacheHttpClient.testConnection(187) - responseCode = 200
2018-11-02 14:58:07 INFO  ApacheHttpClient.testConnection(198) - result = true
2018-11-02 14:58:09 INFO  ApacheHttpClient.testConnection(187) - responseCode = 200
2018-11-02 14:58:09 INFO  ApacheHttpClient.testConnection(198) - result = true
2018-11-02 14:58:33 INFO  JavaRushTasksProjectComponent.projectClosing(165) - ---------- Project JavaRushTasks closed ----------

2018-11-02 14:58:34 INFO  ApacheHttpClient.getTask(422) - responseCode = 200
2018-11-02 15:03:07 INFO  Codota.info(71) - AuthTokenHandler: you are validating a token that is not in NEW_TOKEN state, are you sure you know what you're doing?
2018-11-02 15:03:09 INFO  Codota.info(71) - AuthTokenHandler: [Token Valid] Setting token
2018-11-06 20:44:58 INFO  JavaRushTasksProjectComponent.projectOpened(68) - ---------- Project JavaRushTasks opened ----------
2018-11-06 20:44:58 INFO  JavaRushTasksProjectComponent.projectOpened(69) - ---------- Version 3.21 ----------

2018-11-06 20:44:58 INFO  ApacheHttpClient.createAsyncHttpClient(129) - Выбрано 1 прокси. Тип : DIRECT
2018-11-06 20:44:58 INFO  ApacheHttpClient.<init>(87) - ApacheHttpClient проинстанциирован успешно.
2018-11-06 20:44:59 INFO  ApacheHttpClient.testConnection(187) - responseCode = 200
2018-11-06 20:44:59 INFO  ApacheHttpClient.testConnection(198) - result = true
2018-11-06 20:45:00 INFO  ApacheHttpClient.login(228) - Ожидание ответа сервера.
2018-11-06 20:45:00 INFO  ApacheHttpClient.login(228) - Ожидание ответа сервера.
2018-11-06 20:45:00 INFO  ApacheHttpClient.login(232) - responseCode = 200
2018-11-06 20:45:00 INFO  ApacheHttpClient.login(263) - JSESSIONID OK
2018-11-06 20:45:00 INFO  ApacheHttpClient.refreshUserInfo(291) - responseCode = 200
2018-11-06 20:45:00 INFO  ApacheHttpClient.refreshUserInfo(297) - Информация о пользователе получена.
2018-11-06 20:45:00 INFO  ApacheHttpClient.startGA(31) - GAService запущен.
2018-11-06 20:45:00 INFO  AbstractRestApiClient.startService(70) - EventsService запущен.
2018-11-06 20:45:01 INFO  Codota.info(71) - AuthTokenHandler: you are validating a token that is not in NEW_TOKEN state, are you sure you know what you're doing?
2018-11-06 20:45:02 INFO  Codota.info(71) - AuthTokenHandler: [Token Valid] Setting token
2018-11-06 20:45:02 INFO  ApacheHttpClient.testConnection(187) - responseCode = 200
2018-11-06 20:45:02 INFO  ApacheHttpClient.testConnection(198) - result = true
2018-11-06 20:45:02 INFO  ApacheHttpClient.testConnection(187) - responseCode = 200
2018-11-06 20:45:02 INFO  ApacheHttpClient.testConnection(198) - result = true
2018-11-06 20:45:09 INFO  ApacheHttpClient.testConnection(187) - responseCode = 200
2018-11-06 20:45:09 INFO  ApacheHttpClient.testConnection(198) - result = true
2018-11-06 20:45:10 INFO  ApacheHttpClient.testConnection(187) - responseCode = 200
2018-11-06 20:45:10 INFO  ApacheHttpClient.testConnection(198) - result = true
2018-11-06 20:45:16 INFO  ApacheHttpClient.getWebResourceAsStream(437) - responseCode = 200
2018-11-06 20:46:00 INFO  ApacheHttpClient.sendEvent(470) - responseCode = 200
2018-11-06 20:47:00 INFO  ApacheHttpClient.sendEvent(470) - responseCode = 200
2018-11-06 20:48:00 INFO  ApacheHttpClient.sendEvent(470) - responseCode = 200
2018-11-06 20:49:00 INFO  ApacheHttpClient.sendEvent(470) - responseCode = 200
2018-11-06 20:50:00 INFO  ApacheHttpClient.sendEvent(470) - responseCode = 200
2018-11-06 20:51:00 INFO  ApacheHttpClient.sendEvent(470) - responseCode = 200
2018-11-06 20:52:00 INFO  ApacheHttpClient.sendEvent(470) - responseCode = 200
2018-11-06 20:52:12 INFO  ApacheHttpClient.getWebResourceAsStream(437) - responseCode = 200
2018-11-06 20:52:12 INFO  ApacheHttpClient.getFilteredTasks(324) - responseCode = 200
2018-11-06 20:52:33 INFO  ApacheHttpClient.getTaskTemplateInfo(341) - responseCode = 200
2018-11-06 20:52:34 INFO  ApacheHttpClient.testConnection(187) - responseCode = 200
2018-11-06 20:52:34 INFO  ApacheHttpClient.testConnection(198) - result = true
2018-11-06 20:52:34 INFO  ApacheHttpClient.testConnection(187) - responseCode = 200
2018-11-06 20:52:34 INFO  ApacheHttpClient.testConnection(198) - result = true
2018-11-06 20:52:34 INFO  ApacheHttpClient.getWebResourceAsStream(437) - responseCode = 200
2018-11-06 20:53:00 INFO  ApacheHttpClient.sendEvent(470) - responseCode = 200
2018-11-06 20:54:00 INFO  ApacheHttpClient.sendEvent(470) - responseCode = 200
2018-11-06 20:55:00 INFO  ApacheHttpClient.sendEvent(470) - responseCode = 200
2018-11-06 20:56:00 INFO  ApacheHttpClient.sendEvent(470) - responseCode = 200
2018-11-06 20:57:00 INFO  ApacheHttpClient.sendEvent(470) - responseCode = 200
2018-11-06 20:58:00 INFO  ApacheHttpClient.sendEvent(470) - responseCode = 200
2018-11-06 20:59:00 INFO  ApacheHttpClient.sendEvent(470) - responseCode = 200
2018-11-06 21:00:00 INFO  ApacheHttpClient.sendEvent(470) - responseCode = 200
2018-11-06 21:01:00 INFO  ApacheHttpClient.sendEvent(470) - responseCode = 200
2018-11-06 21:02:00 INFO  ApacheHttpClient.sendEvent(470) - responseCode = 200
2018-11-06 21:03:00 INFO  ApacheHttpClient.sendEvent(470) - responseCode = 200
2018-11-06 21:04:00 INFO  ApacheHttpClient.sendEvent(470) - responseCode = 200
2018-11-06 21:05:00 INFO  ApacheHttpClient.sendEvent(470) - responseCode = 200
2018-11-06 21:06:00 INFO  ApacheHttpClient.sendEvent(470) - responseCode = 200
2018-11-06 21:07:00 INFO  ApacheHttpClient.sendEvent(470) - responseCode = 200
2018-11-06 21:07:23 WARN  Codota.warn(81) - Failed to query new line completions. variables = [XRefItem{className='String', methodName='null'}, XRefItem{className='File', methodName='null'}, XRefItem{className='Properties', methodName='null'}, XRefItem{className='IOException', methodName='null'}], fields = []
java.util.concurrent.TimeoutException
	at java.util.concurrent.FutureTask.get(FutureTask.java:205)
	at com.codota.intellij.lean.assistant.completion.CompletionGetterHelper.getCompletionsInner(CompletionGetterHelper.java:68)
	at com.codota.intellij.lean.assistant.completion.CompletionGetterHelper.getCompletions(CompletionGetterHelper.java:103)
	at com.codota.intellij.lean.assistant.completion.local.newline.NewLineCompletionGetter.getCompletions(NewLineCompletionGetter.java:38)
	at com.codota.intellij.lean.assistant.completion.local.newline.NewLineCompletionProvider.lambda$addCompletions$1(NewLineCompletionProvider.java:59)
	at com.codota.intellij.lean.assistant.completion.local.newline.NewLineCompletion.executeNewLineAction(NewLineCompletion.java:58)
	at com.codota.intellij.lean.assistant.completion.local.newline.NewLineCompletionProvider.addCompletions(NewLineCompletionProvider.java:54)
	at com.intellij.codeInsight.completion.CompletionProvider.addCompletionVariants(CompletionProvider.java:36)
	at com.intellij.codeInsight.completion.CompletionContributor.fillCompletionVariants(CompletionContributor.java:141)
	at com.codota.intellij.lean.assistant.completion.local.newline.NewLineCompletionContributor.fillCompletionVariants(NewLineCompletionContributor.java:38)
	at com.intellij.codeInsight.completion.CompletionService.getVariantsFromContributors(CompletionService.java:89)
	at com.intellij.codeInsight.completion.CompletionResultSet.runRemainingContributors(CompletionResultSet.java:149)
	at com.intellij.codeInsight.completion.CompletionResultSet.runRemainingContributors(CompletionResultSet.java:142)
	at com.intellij.codeInsight.completion.JShellCompletionContributor.fillCompletionVariants(JShellCompletionContributor.java:27)
	at com.intellij.codeInsight.completion.CompletionService.getVariantsFromContributors(CompletionService.java:89)
	at com.intellij.codeInsight.completion.CompletionResultSet.runRemainingContributors(CompletionResultSet.java:149)
	at com.intellij.codeInsight.completion.CompletionResultSet.runRemainingContributors(CompletionResultSet.java:142)
	at com.intellij.codeInsight.completion.JavaNoVariantsDelegator.fillCompletionVariants(JavaNoVariantsDelegator.java:61)
	at com.intellij.codeInsight.completion.CompletionService.getVariantsFromContributors(CompletionService.java:89)
	at com.intellij.codeInsight.completion.CompletionResultSet.runRemainingContributors(CompletionResultSet.java:149)
	at com.intellij.codeInsight.completion.CompletionResultSet.runRemainingContributors(CompletionResultSet.java:142)
	at com.intellij.codeInsight.template.impl.LiveTemplateCompletionContributor$2.addCompletions(LiveTemplateCompletionContributor.java:92)
	at com.intellij.codeInsight.completion.CompletionProvider.addCompletionVariants(CompletionProvider.java:36)
	at com.intellij.codeInsight.completion.CompletionContributor.fillCompletionVariants(CompletionContributor.java:141)
	at com.intellij.codeInsight.completion.CompletionService.getVariantsFromContributors(CompletionService.java:89)
	at com.intellij.codeInsight.completion.CompletionService.performCompletion(CompletionService.java:118)
	at com.intellij.codeInsight.completion.CompletionProgressIndicator.calculateItems(CompletionProgressIndicator.java:815)
	at com.intellij.codeInsight.completion.CompletionProgressIndicator.runContributors(CompletionProgressIndicator.java:800)
	at com.intellij.codeInsight.completion.CodeCompletionHandlerBase.lambda$null$2(CodeCompletionHandlerBase.java:266)
	at com.intellij.openapi.application.impl.ApplicationImpl.tryRunReadAction(ApplicationImpl.java:1161)
	at com.intellij.codeInsight.completion.AsyncCompletion.tryReadOrCancel(CompletionThreading.java:181)
	at com.intellij.codeInsight.completion.CodeCompletionHandlerBase.lambda$doComplete$3(CodeCompletionHandlerBase.java:263)
	at com.intellij.codeInsight.completion.AsyncCompletion.lambda$null$0(CompletionThreading.java:108)
	at com.intellij.openapi.progress.impl.CoreProgressManager.lambda$runProcess$1(CoreProgressManager.java:157)
	at com.intellij.openapi.progress.impl.CoreProgressManager.registerIndicatorAndRun(CoreProgressManager.java:580)
	at com.intellij.openapi.progress.impl.CoreProgressManager.executeProcessUnderProgress(CoreProgressManager.java:525)
	at com.intellij.openapi.progress.impl.ProgressManagerImpl.executeProcessUnderProgress(ProgressManagerImpl.java:85)
	at com.intellij.openapi.progress.impl.CoreProgressManager.runProcess(CoreProgressManager.java:144)
	at com.intellij.codeInsight.completion.AsyncCompletion.lambda$startThread$1(CompletionThreading.java:104)
	at com.intellij.openapi.application.impl.ApplicationImpl$1.run(ApplicationImpl.java:314)
	at java.util.concurrent.Executors$RunnableAdapter.call(Executors.java:511)
	at java.util.concurrent.FutureTask.run(FutureTask.java:266)
	at java.util.concurrent.ThreadPoolExecutor.runWorker(ThreadPoolExecutor.java:1142)
	at java.util.concurrent.ThreadPoolExecutor$Worker.run(ThreadPoolExecutor.java:617)
	at java.lang.Thread.run(Thread.java:745)
2018-11-06 21:07:23 WARN  Codota.warn(81) - Failed to query new line completions. variables = [XRefItem{className='String', methodName='null'}, XRefItem{className='File', methodName='null'}, XRefItem{className='Properties', methodName='null'}, XRefItem{className='IOException', methodName='null'}], fields = []
java.util.concurrent.TimeoutException
	at java.util.concurrent.FutureTask.get(FutureTask.java:205)
	at com.codota.intellij.lean.assistant.completion.CompletionGetterHelper.getCompletionsInner(CompletionGetterHelper.java:68)
	at com.codota.intellij.lean.assistant.completion.CompletionGetterHelper.getCompletions(CompletionGetterHelper.java:103)
	at com.codota.intellij.lean.assistant.completion.local.newline.NewLineCompletionGetter.getCompletions(NewLineCompletionGetter.java:38)
	at com.codota.intellij.lean.assistant.completion.local.newline.NewLineCompletionProvider.lambda$addCompletions$1(NewLineCompletionProvider.java:59)
	at com.codota.intellij.lean.assistant.completion.local.newline.NewLineCompletion.executeNewLineAction(NewLineCompletion.java:58)
	at com.codota.intellij.lean.assistant.completion.local.newline.NewLineCompletionProvider.addCompletions(NewLineCompletionProvider.java:54)
	at com.intellij.codeInsight.completion.CompletionProvider.addCompletionVariants(CompletionProvider.java:36)
	at com.intellij.codeInsight.completion.CompletionContributor.fillCompletionVariants(CompletionContributor.java:141)
	at com.codota.intellij.lean.assistant.completion.local.newline.NewLineCompletionContributor.fillCompletionVariants(NewLineCompletionContributor.java:38)
	at com.intellij.codeInsight.completion.CompletionService.getVariantsFromContributors(CompletionService.java:89)
	at com.intellij.codeInsight.completion.CompletionResultSet.runRemainingContributors(CompletionResultSet.java:149)
	at com.intellij.codeInsight.completion.CompletionResultSet.runRemainingContributors(CompletionResultSet.java:142)
	at com.intellij.codeInsight.completion.JShellCompletionContributor.fillCompletionVariants(JShellCompletionContributor.java:27)
	at com.intellij.codeInsight.completion.CompletionService.getVariantsFromContributors(CompletionService.java:89)
	at com.intellij.codeInsight.completion.CompletionResultSet.runRemainingContributors(CompletionResultSet.java:149)
	at com.intellij.codeInsight.completion.CompletionResultSet.runRemainingContributors(CompletionResultSet.java:142)
	at com.intellij.codeInsight.completion.JavaNoVariantsDelegator.fillCompletionVariants(JavaNoVariantsDelegator.java:61)
	at com.intellij.codeInsight.completion.CompletionService.getVariantsFromContributors(CompletionService.java:89)
	at com.intellij.codeInsight.completion.CompletionResultSet.runRemainingContributors(CompletionResultSet.java:149)
	at com.intellij.codeInsight.completion.CompletionResultSet.runRemainingContributors(CompletionResultSet.java:142)
	at com.intellij.codeInsight.template.impl.LiveTemplateCompletionContributor$2.addCompletions(LiveTemplateCompletionContributor.java:92)
	at com.intellij.codeInsight.completion.CompletionProvider.addCompletionVariants(CompletionProvider.java:36)
	at com.intellij.codeInsight.completion.CompletionContributor.fillCompletionVariants(CompletionContributor.java:141)
	at com.intellij.codeInsight.completion.CompletionService.getVariantsFromContributors(CompletionService.java:89)
	at com.intellij.codeInsight.completion.CompletionService.performCompletion(CompletionService.java:118)
	at com.intellij.codeInsight.completion.CompletionProgressIndicator.calculateItems(CompletionProgressIndicator.java:815)
	at com.intellij.codeInsight.completion.CompletionProgressIndicator.runContributors(CompletionProgressIndicator.java:800)
	at com.intellij.codeInsight.completion.CodeCompletionHandlerBase.lambda$null$2(CodeCompletionHandlerBase.java:266)
	at com.intellij.openapi.application.impl.ApplicationImpl.tryRunReadAction(ApplicationImpl.java:1161)
	at com.intellij.codeInsight.completion.AsyncCompletion.tryReadOrCancel(CompletionThreading.java:181)
	at com.intellij.codeInsight.completion.CodeCompletionHandlerBase.lambda$doComplete$3(CodeCompletionHandlerBase.java:263)
	at com.intellij.codeInsight.completion.AsyncCompletion.lambda$null$0(CompletionThreading.java:108)
	at com.intellij.openapi.progress.impl.CoreProgressManager.lambda$runProcess$1(CoreProgressManager.java:157)
	at com.intellij.openapi.progress.impl.CoreProgressManager.registerIndicatorAndRun(CoreProgressManager.java:580)
	at com.intellij.openapi.progress.impl.CoreProgressManager.executeProcessUnderProgress(CoreProgressManager.java:525)
	at com.intellij.openapi.progress.impl.ProgressManagerImpl.executeProcessUnderProgress(ProgressManagerImpl.java:85)
	at com.intellij.openapi.progress.impl.CoreProgressManager.runProcess(CoreProgressManager.java:144)
	at com.intellij.codeInsight.completion.AsyncCompletion.lambda$startThread$1(CompletionThreading.java:104)
	at com.intellij.openapi.application.impl.ApplicationImpl$1.run(ApplicationImpl.java:314)
	at java.util.concurrent.Executors$RunnableAdapter.call(Executors.java:511)
	at java.util.concurrent.FutureTask.run(FutureTask.java:266)
	at java.util.concurrent.ThreadPoolExecutor.runWorker(ThreadPoolExecutor.java:1142)
	at java.util.concurrent.ThreadPoolExecutor$Worker.run(ThreadPoolExecutor.java:617)
	at java.lang.Thread.run(Thread.java:745)
2018-11-06 21:08:00 INFO  ApacheHttpClient.sendEvent(470) - responseCode = 200
2018-11-06 21:09:00 INFO  ApacheHttpClient.sendEvent(470) - responseCode = 200
2018-11-06 21:10:00 INFO  ApacheHttpClient.sendEvent(470) - responseCode = 200
2018-11-06 21:11:00 INFO  ApacheHttpClient.sendEvent(470) - responseCode = 200
2018-11-06 21:12:00 INFO  ApacheHttpClient.sendEvent(470) - responseCode = 200
2018-11-06 21:13:00 INFO  ApacheHttpClient.sendEvent(470) - responseCode = 200
2018-11-06 21:14:00 INFO  ApacheHttpClient.sendEvent(470) - responseCode = 200
2018-11-06 21:15:00 INFO  ApacheHttpClient.sendEvent(470) - responseCode = 200
2018-11-06 21:16:19 ERROR ApacheHttpClient.processExceptionSendEvent(102) - (super) Ошибка во время отправки ивента на сервер.
2018-11-06 21:17:01 INFO  ApacheHttpClient.sendEvent(470) - responseCode = 200
2018-11-06 21:18:00 INFO  ApacheHttpClient.sendEvent(470) - responseCode = 200
2018-11-06 21:19:00 INFO  ApacheHttpClient.sendEvent(470) - responseCode = 200
2018-11-06 21:20:00 INFO  ApacheHttpClient.sendEvent(470) - responseCode = 200
2018-11-06 21:21:00 INFO  ApacheHttpClient.sendEvent(470) - responseCode = 200
2018-11-06 21:22:00 INFO  ApacheHttpClient.sendEvent(470) - responseCode = 200
2018-11-06 21:23:00 INFO  ApacheHttpClient.sendEvent(470) - responseCode = 200
2018-11-06 21:24:00 INFO  ApacheHttpClient.sendEvent(470) - responseCode = 200
2018-11-06 21:25:00 INFO  ApacheHttpClient.sendEvent(470) - responseCode = 200
2018-11-06 21:26:00 INFO  ApacheHttpClient.sendEvent(470) - responseCode = 200
2018-11-06 21:26:53 INFO  ApacheHttpClient.getWebResourceAsStream(437) - responseCode = 200
2018-11-06 21:26:53 INFO  ApacheHttpClient.getTask(422) - responseCode = 200
2018-11-06 21:26:54 INFO  ApacheHttpClient.getWebResourceAsStream(437) - responseCode = 200
2018-11-06 21:26:54 INFO  ApacheHttpClient.completed(27) - responseCode = 200
2018-11-06 21:26:54 INFO  ApacheHttpClient.getTask(422) - responseCode = 200
2018-11-06 21:27:00 INFO  ApacheHttpClient.sendEvent(470) - responseCode = 200
2018-11-06 21:28:00 INFO  ApacheHttpClient.sendEvent(470) - responseCode = 200
2018-11-06 21:29:00 INFO  ApacheHttpClient.sendEvent(470) - responseCode = 200
2018-11-06 21:30:00 INFO  ApacheHttpClient.sendEvent(470) - responseCode = 200
2018-11-06 21:31:00 INFO  ApacheHttpClient.sendEvent(470) - responseCode = 200
2018-11-06 21:32:00 INFO  ApacheHttpClient.sendEvent(470) - responseCode = 200
2018-11-06 21:33:00 INFO  ApacheHttpClient.sendEvent(470) - responseCode = 200
2018-11-06 21:34:00 INFO  ApacheHttpClient.sendEvent(470) - responseCode = 200
2018-11-06 21:35:00 INFO  ApacheHttpClient.sendEvent(470) - responseCode = 200
2018-11-06 21:36:00 INFO  ApacheHttpClient.sendEvent(470) - responseCode = 200
2018-11-06 21:37:00 INFO  ApacheHttpClient.sendEvent(470) - responseCode = 200
2018-11-06 21:37:28 INFO  JavaRushTasksProjectComponent.projectClosing(165) - ---------- Project JavaRushTasks closed ----------

2018-11-06 21:37:29 INFO  ApacheHttpClient.getTask(422) - responseCode = 200
2018-11-06 21:37:29 INFO  ApacheHttpClient.getTask(422) - responseCode = 200
2018-11-08 18:13:56 INFO  JavaRushTasksProjectComponent.projectOpened(68) - ---------- Project JavaRushTasks opened ----------
2018-11-08 18:13:56 INFO  JavaRushTasksProjectComponent.projectOpened(69) - ---------- Version 3.21 ----------

2018-11-08 18:13:57 INFO  ApacheHttpClient.createAsyncHttpClient(129) - Выбрано 1 прокси. Тип : DIRECT
2018-11-08 18:13:58 INFO  ApacheHttpClient.<init>(87) - ApacheHttpClient проинстанциирован успешно.
2018-11-08 18:14:00 INFO  ApacheHttpClient.testConnection(187) - responseCode = 200
2018-11-08 18:14:00 INFO  ApacheHttpClient.testConnection(198) - result = true
2018-11-08 18:14:02 INFO  ApacheHttpClient.login(228) - Ожидание ответа сервера.
2018-11-08 18:14:02 INFO  ApacheHttpClient.login(228) - Ожидание ответа сервера.
2018-11-08 18:14:02 INFO  ApacheHttpClient.login(228) - Ожидание ответа сервера.
2018-11-08 18:14:02 INFO  ApacheHttpClient.login(228) - Ожидание ответа сервера.
2018-11-08 18:14:02 INFO  ApacheHttpClient.login(232) - responseCode = 200
2018-11-08 18:14:02 INFO  ApacheHttpClient.login(263) - JSESSIONID OK
2018-11-08 18:14:02 INFO  ApacheHttpClient.refreshUserInfo(291) - responseCode = 200
2018-11-08 18:14:02 INFO  ApacheHttpClient.refreshUserInfo(297) - Информация о пользователе получена.
2018-11-08 18:14:03 INFO  ApacheHttpClient.startGA(31) - GAService запущен.
2018-11-08 18:14:03 INFO  AbstractRestApiClient.startService(70) - EventsService запущен.
2018-11-08 18:14:11 INFO  Codota.info(71) - AuthTokenHandler: [Token Valid] Setting token
2018-11-08 18:14:26 INFO  ApacheHttpClient.testConnection(187) - responseCode = 200
2018-11-08 18:14:26 INFO  ApacheHttpClient.testConnection(198) - result = true
2018-11-08 18:14:26 INFO  ApacheHttpClient.testConnection(187) - responseCode = 200
2018-11-08 18:14:26 INFO  ApacheHttpClient.testConnection(198) - result = true
2018-11-08 18:14:48 INFO  ApacheHttpClient.testConnection(187) - responseCode = 200
2018-11-08 18:14:48 INFO  ApacheHttpClient.testConnection(198) - result = true
2018-11-08 18:14:51 INFO  ApacheHttpClient.testConnection(187) - responseCode = 200
2018-11-08 18:14:51 INFO  ApacheHttpClient.testConnection(198) - result = true
2018-11-08 18:14:52 INFO  ApacheHttpClient.getWebResourceAsStream(437) - responseCode = 200
2018-11-08 18:14:57 INFO  ApacheHttpClient.testConnection(187) - responseCode = 200
2018-11-08 18:14:57 INFO  ApacheHttpClient.testConnection(198) - result = true
2018-11-08 18:15:03 INFO  ApacheHttpClient.sendEvent(470) - responseCode = 200
2018-11-08 18:15:36 INFO  JavaRushTasksProjectComponent.projectClosing(165) - ---------- Project JavaRushTasks closed ----------

2018-11-08 18:15:36 INFO  ApacheHttpClient.getTask(422) - responseCode = 200
2018-11-08 18:16:29 INFO  JavaRushTasksProjectComponent.projectOpened(68) - ---------- Project JavaRushTasks opened ----------
2018-11-08 18:16:29 INFO  JavaRushTasksProjectComponent.projectOpened(69) - ---------- Version 3.21 ----------

2018-11-08 18:16:29 INFO  ApacheHttpClient.createAsyncHttpClient(129) - Выбрано 1 прокси. Тип : DIRECT
2018-11-08 18:16:30 INFO  ApacheHttpClient.<init>(87) - ApacheHttpClient проинстанциирован успешно.
2018-11-08 18:16:30 INFO  ApacheHttpClient.testConnection(187) - responseCode = 200
2018-11-08 18:16:30 INFO  ApacheHttpClient.testConnection(198) - result = true
2018-11-08 18:16:31 INFO  ApacheHttpClient.login(228) - Ожидание ответа сервера.
2018-11-08 18:16:31 INFO  ApacheHttpClient.login(232) - responseCode = 200
2018-11-08 18:16:31 INFO  ApacheHttpClient.login(263) - JSESSIONID OK
2018-11-08 18:16:31 INFO  ApacheHttpClient.refreshUserInfo(291) - responseCode = 200
2018-11-08 18:16:31 INFO  ApacheHttpClient.refreshUserInfo(297) - Информация о пользователе получена.
2018-11-08 18:16:31 INFO  ApacheHttpClient.startGA(31) - GAService запущен.
2018-11-08 18:16:31 INFO  AbstractRestApiClient.startService(70) - EventsService запущен.
2018-11-08 18:16:34 INFO  Codota.info(71) - AuthTokenHandler: [Token Valid] Setting token
2018-11-08 18:16:38 INFO  ApacheHttpClient.testConnection(187) - responseCode = 200
2018-11-08 18:16:38 INFO  ApacheHttpClient.testConnection(198) - result = true
2018-11-08 18:16:38 INFO  ApacheHttpClient.testConnection(187) - responseCode = 200
2018-11-08 18:16:38 INFO  ApacheHttpClient.testConnection(198) - result = true
2018-11-08 18:16:42 INFO  ApacheHttpClient.getWebResourceAsStream(437) - responseCode = 200
2018-11-08 18:16:53 INFO  ApacheHttpClient.testConnection(187) - responseCode = 200
2018-11-08 18:16:53 INFO  ApacheHttpClient.testConnection(198) - result = true
2018-11-08 18:16:54 INFO  ApacheHttpClient.testConnection(187) - responseCode = 200
2018-11-08 18:16:54 INFO  ApacheHttpClient.testConnection(198) - result = true
2018-11-08 18:16:57 INFO  ApacheHttpClient.testConnection(187) - responseCode = 200
2018-11-08 18:16:57 INFO  ApacheHttpClient.testConnection(198) - result = true
2018-11-08 18:17:31 INFO  ApacheHttpClient.sendEvent(470) - responseCode = 200
2018-11-08 18:18:31 INFO  ApacheHttpClient.sendEvent(470) - responseCode = 200
2018-11-08 18:19:21 INFO  ApacheHttpClient.getWebResourceAsStream(437) - responseCode = 200
2018-11-08 18:19:21 INFO  ApacheHttpClient.getFilteredTasks(324) - responseCode = 200
2018-11-08 18:19:23 INFO  ApacheHttpClient.getTaskTemplateInfo(341) - responseCode = 200
2018-11-08 18:19:25 INFO  ApacheHttpClient.testConnection(187) - responseCode = 200
2018-11-08 18:19:25 INFO  ApacheHttpClient.testConnection(198) - result = true
2018-11-08 18:19:25 INFO  ApacheHttpClient.testConnection(187) - responseCode = 200
2018-11-08 18:19:25 INFO  ApacheHttpClient.testConnection(198) - result = true
2018-11-08 18:19:25 INFO  ApacheHttpClient.getWebResourceAsStream(437) - responseCode = 200
2018-11-08 18:19:31 INFO  ApacheHttpClient.sendEvent(470) - responseCode = 200
2018-11-08 18:20:31 INFO  ApacheHttpClient.sendEvent(470) - responseCode = 200
2018-11-08 18:21:31 INFO  ApacheHttpClient.sendEvent(470) - responseCode = 200
2018-11-08 18:22:31 INFO  ApacheHttpClient.sendEvent(470) - responseCode = 200
2018-11-08 18:23:31 INFO  ApacheHttpClient.sendEvent(470) - responseCode = 200
2018-11-08 18:24:31 INFO  ApacheHttpClient.sendEvent(470) - responseCode = 200
2018-11-08 18:25:31 INFO  ApacheHttpClient.sendEvent(470) - responseCode = 200
2018-11-08 18:26:31 INFO  ApacheHttpClient.sendEvent(470) - responseCode = 200
2018-11-08 18:27:31 INFO  ApacheHttpClient.sendEvent(470) - responseCode = 200
2018-11-08 18:28:31 INFO  ApacheHttpClient.sendEvent(470) - responseCode = 200
2018-11-08 18:29:31 INFO  ApacheHttpClient.sendEvent(470) - responseCode = 200
2018-11-08 18:30:31 INFO  ApacheHttpClient.sendEvent(470) - responseCode = 200
2018-11-08 18:31:31 INFO  ApacheHttpClient.sendEvent(470) - responseCode = 200
2018-11-08 18:32:31 INFO  ApacheHttpClient.sendEvent(470) - responseCode = 200
2018-11-08 18:33:31 INFO  ApacheHttpClient.sendEvent(470) - responseCode = 200
2018-11-08 18:34:31 INFO  ApacheHttpClient.sendEvent(470) - responseCode = 200
2018-11-08 18:35:31 INFO  ApacheHttpClient.sendEvent(470) - responseCode = 200
2018-11-08 18:36:31 INFO  ApacheHttpClient.sendEvent(470) - responseCode = 200
2018-11-08 18:37:31 INFO  ApacheHttpClient.sendEvent(470) - responseCode = 200
2018-11-08 18:38:31 INFO  ApacheHttpClient.sendEvent(470) - responseCode = 200
2018-11-08 18:39:31 INFO  ApacheHttpClient.sendEvent(470) - responseCode = 200
2018-11-08 18:40:31 INFO  ApacheHttpClient.sendEvent(470) - responseCode = 200
2018-11-08 18:41:31 INFO  ApacheHttpClient.sendEvent(470) - responseCode = 200
2018-11-08 18:42:31 INFO  ApacheHttpClient.sendEvent(470) - responseCode = 200
2018-11-08 18:43:31 INFO  ApacheHttpClient.sendEvent(470) - responseCode = 200
2018-11-08 18:44:31 INFO  ApacheHttpClient.sendEvent(470) - responseCode = 200
2018-11-08 18:45:31 INFO  ApacheHttpClient.sendEvent(470) - responseCode = 200
2018-11-08 18:46:31 INFO  ApacheHttpClient.sendEvent(470) - responseCode = 200
2018-11-08 18:47:31 INFO  ApacheHttpClient.sendEvent(470) - responseCode = 200
2018-11-08 18:48:31 INFO  ApacheHttpClient.sendEvent(470) - responseCode = 200
2018-11-08 18:49:31 INFO  ApacheHttpClient.sendEvent(470) - responseCode = 200
2018-11-08 18:50:31 INFO  ApacheHttpClient.sendEvent(470) - responseCode = 200
2018-11-08 18:51:31 INFO  ApacheHttpClient.sendEvent(470) - responseCode = 200
2018-11-08 18:52:31 INFO  ApacheHttpClient.sendEvent(470) - responseCode = 200
2018-11-08 18:53:31 INFO  ApacheHttpClient.sendEvent(470) - responseCode = 200
2018-11-08 18:54:31 INFO  ApacheHttpClient.sendEvent(470) - responseCode = 200
2018-11-08 18:55:31 INFO  ApacheHttpClient.sendEvent(470) - responseCode = 200
2018-11-08 18:56:31 INFO  ApacheHttpClient.sendEvent(470) - responseCode = 200
2018-11-08 18:57:31 INFO  ApacheHttpClient.sendEvent(470) - responseCode = 200
2018-11-08 18:58:31 INFO  ApacheHttpClient.sendEvent(470) - responseCode = 200
2018-11-08 18:59:31 INFO  ApacheHttpClient.sendEvent(470) - responseCode = 200
2018-11-08 19:00:51 ERROR ApacheHttpClient.processExceptionSendEvent(102) - (super) Ошибка во время отправки ивента на сервер.
2018-11-08 19:01:31 INFO  ApacheHttpClient.sendEvent(470) - responseCode = 200
2018-11-08 19:02:31 INFO  ApacheHttpClient.sendEvent(470) - responseCode = 200
2018-11-08 19:03:31 INFO  ApacheHttpClient.sendEvent(470) - responseCode = 200
2018-11-08 19:04:31 INFO  ApacheHttpClient.sendEvent(470) - responseCode = 200
2018-11-08 19:05:31 INFO  ApacheHttpClient.sendEvent(470) - responseCode = 200
2018-11-08 19:06:31 INFO  ApacheHttpClient.sendEvent(470) - responseCode = 200
2018-11-08 19:07:31 INFO  ApacheHttpClient.sendEvent(470) - responseCode = 200
2018-11-08 19:08:31 INFO  ApacheHttpClient.sendEvent(470) - responseCode = 200
2018-11-08 19:09:31 INFO  ApacheHttpClient.sendEvent(470) - responseCode = 200
2018-11-08 19:10:31 INFO  ApacheHttpClient.sendEvent(470) - responseCode = 200
2018-11-08 19:11:31 INFO  ApacheHttpClient.sendEvent(470) - responseCode = 200
2018-11-08 19:12:31 INFO  ApacheHttpClient.sendEvent(470) - responseCode = 200
2018-11-08 19:13:31 INFO  ApacheHttpClient.sendEvent(470) - responseCode = 200
2018-11-08 19:14:31 INFO  ApacheHttpClient.sendEvent(470) - responseCode = 200
2018-11-08 19:15:31 INFO  ApacheHttpClient.sendEvent(470) - responseCode = 200
2018-11-08 19:16:31 INFO  ApacheHttpClient.sendEvent(470) - responseCode = 200
2018-11-08 19:17:31 INFO  ApacheHttpClient.sendEvent(470) - responseCode = 200
2018-11-08 19:18:31 INFO  ApacheHttpClient.sendEvent(470) - responseCode = 200
2018-11-08 19:19:31 INFO  ApacheHttpClient.sendEvent(470) - responseCode = 200
2018-11-08 19:20:31 INFO  ApacheHttpClient.sendEvent(470) - responseCode = 200
2018-11-08 19:21:31 INFO  ApacheHttpClient.sendEvent(470) - responseCode = 200
2018-11-08 19:22:31 INFO  ApacheHttpClient.sendEvent(470) - responseCode = 200
2018-11-08 19:23:31 INFO  ApacheHttpClient.sendEvent(470) - responseCode = 200
2018-11-08 19:24:31 INFO  ApacheHttpClient.sendEvent(470) - responseCode = 200
2018-11-08 19:25:31 INFO  ApacheHttpClient.sendEvent(470) - responseCode = 200
2018-11-08 19:26:31 INFO  ApacheHttpClient.sendEvent(470) - responseCode = 200
2018-11-08 19:27:31 INFO  ApacheHttpClient.sendEvent(470) - responseCode = 200
2018-11-08 19:28:31 INFO  ApacheHttpClient.sendEvent(470) - responseCode = 200
2018-11-08 19:29:31 INFO  ApacheHttpClient.sendEvent(470) - responseCode = 200
2018-11-08 19:30:31 INFO  ApacheHttpClient.sendEvent(470) - responseCode = 200
2018-11-08 19:31:31 INFO  ApacheHttpClient.sendEvent(470) - responseCode = 200
2018-11-08 19:32:31 INFO  ApacheHttpClient.sendEvent(470) - responseCode = 200
2018-11-08 19:33:31 INFO  ApacheHttpClient.sendEvent(470) - responseCode = 200
2018-11-08 19:34:31 INFO  ApacheHttpClient.sendEvent(470) - responseCode = 200
2018-11-08 19:35:31 INFO  ApacheHttpClient.sendEvent(470) - responseCode = 200
2018-11-08 19:36:31 INFO  ApacheHttpClient.sendEvent(470) - responseCode = 200
2018-11-08 19:37:31 INFO  ApacheHttpClient.sendEvent(470) - responseCode = 200
2018-11-08 19:38:31 INFO  ApacheHttpClient.sendEvent(470) - responseCode = 200
2018-11-08 19:39:31 INFO  ApacheHttpClient.sendEvent(470) - responseCode = 200
2018-11-08 19:40:26 INFO  ApacheHttpClient.sendEvent(470) - responseCode = 200
2018-11-08 19:41:26 INFO  ApacheHttpClient.sendEvent(470) - responseCode = 200
2018-11-08 19:42:26 INFO  ApacheHttpClient.sendEvent(470) - responseCode = 200
2018-11-08 19:43:26 INFO  ApacheHttpClient.sendEvent(470) - responseCode = 200
2018-11-08 19:44:26 INFO  ApacheHttpClient.sendEvent(470) - responseCode = 200
2018-11-08 19:45:26 INFO  ApacheHttpClient.sendEvent(470) - responseCode = 200
2018-11-08 19:46:26 INFO  ApacheHttpClient.sendEvent(470) - responseCode = 200
2018-11-08 19:47:26 INFO  ApacheHttpClient.sendEvent(470) - responseCode = 200
2018-11-08 19:48:26 INFO  ApacheHttpClient.sendEvent(470) - responseCode = 200
2018-11-08 19:49:26 INFO  ApacheHttpClient.sendEvent(470) - responseCode = 200
2018-11-08 19:50:26 INFO  ApacheHttpClient.sendEvent(470) - responseCode = 200
2018-11-08 19:51:26 INFO  ApacheHttpClient.sendEvent(470) - responseCode = 200
2018-11-08 19:52:26 INFO  ApacheHttpClient.sendEvent(470) - responseCode = 200
2018-11-08 19:53:26 INFO  ApacheHttpClient.sendEvent(470) - responseCode = 200
2018-11-08 19:54:26 INFO  ApacheHttpClient.sendEvent(470) - responseCode = 200
2018-11-08 19:55:26 INFO  ApacheHttpClient.sendEvent(470) - responseCode = 200
2018-11-08 19:56:26 INFO  ApacheHttpClient.sendEvent(470) - responseCode = 200
2018-11-08 19:57:26 INFO  ApacheHttpClient.sendEvent(470) - responseCode = 200
2018-11-08 19:58:26 INFO  ApacheHttpClient.sendEvent(470) - responseCode = 200
2018-11-08 19:59:26 INFO  ApacheHttpClient.sendEvent(470) - responseCode = 200
2018-11-08 20:00:45 ERROR ApacheHttpClient.processExceptionSendEvent(102) - (super) Ошибка во время отправки ивента на сервер.
2018-11-08 20:01:26 INFO  ApacheHttpClient.sendEvent(470) - responseCode = 200
2018-11-08 20:02:26 INFO  ApacheHttpClient.sendEvent(470) - responseCode = 200
2018-11-08 20:03:26 INFO  ApacheHttpClient.sendEvent(470) - responseCode = 200
2018-11-08 20:04:26 INFO  ApacheHttpClient.sendEvent(470) - responseCode = 200
2018-11-08 20:05:26 INFO  ApacheHttpClient.sendEvent(470) - responseCode = 200
2018-11-08 20:06:26 INFO  ApacheHttpClient.sendEvent(470) - responseCode = 200
2018-11-08 20:07:26 INFO  ApacheHttpClient.sendEvent(470) - responseCode = 200
2018-11-08 20:08:26 INFO  ApacheHttpClient.sendEvent(470) - responseCode = 200
2018-11-08 20:09:26 INFO  ApacheHttpClient.sendEvent(470) - responseCode = 200
2018-11-08 20:10:26 INFO  ApacheHttpClient.sendEvent(470) - responseCode = 200
2018-11-08 20:11:26 INFO  ApacheHttpClient.sendEvent(470) - responseCode = 200
2018-11-08 20:12:26 INFO  ApacheHttpClient.sendEvent(470) - responseCode = 200
2018-11-08 20:13:26 INFO  ApacheHttpClient.sendEvent(470) - responseCode = 200
2018-11-08 20:14:26 INFO  ApacheHttpClient.sendEvent(470) - responseCode = 200
2018-11-08 20:15:26 INFO  ApacheHttpClient.sendEvent(470) - responseCode = 200
2018-11-08 20:16:26 INFO  ApacheHttpClient.sendEvent(470) - responseCode = 200
2018-11-08 20:17:26 INFO  ApacheHttpClient.sendEvent(470) - responseCode = 200
2018-11-08 20:18:26 INFO  ApacheHttpClient.sendEvent(470) - responseCode = 200
2018-11-08 20:19:26 INFO  ApacheHttpClient.sendEvent(470) - responseCode = 200
2018-11-08 20:20:26 INFO  ApacheHttpClient.sendEvent(470) - responseCode = 200
2018-11-08 20:21:26 INFO  ApacheHttpClient.sendEvent(470) - responseCode = 200
2018-11-08 20:22:26 INFO  ApacheHttpClient.sendEvent(470) - responseCode = 200
2018-11-08 20:23:26 INFO  ApacheHttpClient.sendEvent(470) - responseCode = 200
2018-11-08 20:24:26 INFO  ApacheHttpClient.sendEvent(470) - responseCode = 200
2018-11-08 20:25:26 INFO  ApacheHttpClient.sendEvent(470) - responseCode = 200
2018-11-08 20:26:26 INFO  ApacheHttpClient.sendEvent(470) - responseCode = 200
2018-11-08 20:27:26 INFO  ApacheHttpClient.sendEvent(470) - responseCode = 200
2018-11-08 20:28:26 INFO  ApacheHttpClient.sendEvent(470) - responseCode = 200
2018-11-08 20:29:26 INFO  ApacheHttpClient.sendEvent(470) - responseCode = 200
2018-11-08 20:30:26 INFO  ApacheHttpClient.sendEvent(470) - responseCode = 200
2018-11-08 20:31:26 INFO  ApacheHttpClient.sendEvent(470) - responseCode = 200
2018-11-08 20:32:26 INFO  ApacheHttpClient.sendEvent(470) - responseCode = 200
2018-11-08 20:33:26 INFO  ApacheHttpClient.sendEvent(470) - responseCode = 200
2018-11-08 20:34:26 INFO  ApacheHttpClient.sendEvent(470) - responseCode = 200
2018-11-08 20:35:26 INFO  ApacheHttpClient.sendEvent(470) - responseCode = 200
2018-11-08 20:36:26 INFO  ApacheHttpClient.sendEvent(470) - responseCode = 200
2018-11-08 20:37:26 INFO  ApacheHttpClient.sendEvent(470) - responseCode = 200
2018-11-08 20:38:26 INFO  ApacheHttpClient.sendEvent(470) - responseCode = 200
2018-11-08 20:39:26 INFO  ApacheHttpClient.sendEvent(470) - responseCode = 200
2018-11-08 20:40:26 INFO  ApacheHttpClient.sendEvent(470) - responseCode = 200
2018-11-08 20:41:26 INFO  ApacheHttpClient.sendEvent(470) - responseCode = 200
2018-11-08 20:42:26 INFO  ApacheHttpClient.sendEvent(470) - responseCode = 200
2018-11-08 20:43:26 INFO  ApacheHttpClient.sendEvent(470) - responseCode = 200
2018-11-08 20:44:26 INFO  ApacheHttpClient.sendEvent(470) - responseCode = 200
2018-11-08 20:45:26 INFO  ApacheHttpClient.sendEvent(470) - responseCode = 200
2018-11-08 20:46:26 INFO  ApacheHttpClient.sendEvent(470) - responseCode = 200
2018-11-08 20:47:26 INFO  ApacheHttpClient.sendEvent(470) - responseCode = 200
2018-11-08 20:48:26 INFO  ApacheHttpClient.sendEvent(470) - responseCode = 200
2018-11-08 20:49:26 INFO  ApacheHttpClient.sendEvent(470) - responseCode = 200
2018-11-08 20:50:26 INFO  ApacheHttpClient.sendEvent(470) - responseCode = 200
2018-11-08 20:51:26 INFO  ApacheHttpClient.sendEvent(470) - responseCode = 200
2018-11-08 20:52:26 INFO  ApacheHttpClient.sendEvent(470) - responseCode = 200
2018-11-08 20:53:26 INFO  ApacheHttpClient.sendEvent(470) - responseCode = 200
2018-11-08 20:54:26 INFO  ApacheHttpClient.sendEvent(470) - responseCode = 200
2018-11-08 20:55:26 INFO  ApacheHttpClient.sendEvent(470) - responseCode = 200
2018-11-08 20:56:26 INFO  ApacheHttpClient.sendEvent(470) - responseCode = 200
2018-11-08 20:57:26 INFO  ApacheHttpClient.sendEvent(470) - responseCode = 200
2018-11-08 20:58:26 INFO  ApacheHttpClient.sendEvent(470) - responseCode = 200
2018-11-08 20:59:26 INFO  ApacheHttpClient.sendEvent(470) - responseCode = 200
2018-11-08 21:00:45 ERROR ApacheHttpClient.processExceptionSendEvent(102) - (super) Ошибка во время отправки ивента на сервер.
2018-11-08 21:01:26 INFO  ApacheHttpClient.sendEvent(470) - responseCode = 200
2018-11-08 21:02:26 INFO  ApacheHttpClient.sendEvent(470) - responseCode = 200
2018-11-08 21:03:26 INFO  ApacheHttpClient.sendEvent(470) - responseCode = 200
2018-11-08 21:04:26 INFO  ApacheHttpClient.sendEvent(470) - responseCode = 200
2018-11-08 21:05:26 INFO  ApacheHttpClient.sendEvent(470) - responseCode = 200
2018-11-08 21:06:26 INFO  ApacheHttpClient.sendEvent(470) - responseCode = 200
2018-11-08 21:07:26 INFO  ApacheHttpClient.sendEvent(470) - responseCode = 200
2018-11-08 21:08:26 INFO  ApacheHttpClient.sendEvent(470) - responseCode = 200
2018-11-08 21:09:14 WARN  Codota.warn(81) - RuntimeException in makeQuery
com.intellij.openapi.progress.ProcessCanceledException
	at com.intellij.openapi.progress.util.AbstractProgressIndicatorBase.throwIfCanceled(AbstractProgressIndicatorBase.java:144)
	at com.intellij.openapi.progress.util.AbstractProgressIndicatorBase.checkCanceled(AbstractProgressIndicatorBase.java:137)
	at com.intellij.openapi.progress.util.AbstractProgressIndicatorExBase.checkCanceled(AbstractProgressIndicatorExBase.java:103)
	at com.intellij.openapi.progress.impl.CoreProgressManager.doCheckCanceled(CoreProgressManager.java:120)
	at com.intellij.openapi.progress.ProgressManager.checkCanceled(ProgressManager.java:208)
	at com.intellij.openapi.progress.ProgressIndicatorProvider.checkCanceled(ProgressIndicatorProvider.java:51)
	at com.intellij.psi.impl.source.tree.CompositeElement.getPsi(CompositeElement.java:721)
	at com.intellij.psi.impl.source.SubstrateRef$2.isValid(SubstrateRef.java:93)
	at com.intellij.extapi.psi.StubBasedPsiElementBase.isValid(StubBasedPsiElementBase.java:271)
	at com.codota.intellij.lean.psi.JavaContextCollectingVisitor.visitElement(JavaContextCollectingVisitor.java:59)
	at com.intellij.psi.impl.source.tree.java.PsiLiteralExpressionImpl.accept(PsiLiteralExpressionImpl.java:194)
	at com.intellij.psi.impl.source.tree.CompositePsiElement.acceptChildren(CompositePsiElement.java:81)
	at com.intellij.psi.PsiRecursiveElementVisitor.visitElement(PsiRecursiveElementVisitor.java:40)
	at com.codota.intellij.lean.psi.JavaContextCollectingVisitor.visitElement(JavaContextCollectingVisitor.java:58)
	at com.intellij.psi.impl.source.tree.java.PsiLocalVariableImpl.accept(PsiLocalVariableImpl.java:296)
	at com.intellij.psi.impl.source.tree.CompositePsiElement.acceptChildren(CompositePsiElement.java:81)
	at com.intellij.psi.PsiRecursiveElementVisitor.visitElement(PsiRecursiveElementVisitor.java:40)
	at com.codota.intellij.lean.psi.JavaContextCollectingVisitor.visitElement(JavaContextCollectingVisitor.java:58)
	at com.intellij.psi.impl.source.tree.java.PsiDeclarationStatementImpl.accept(PsiDeclarationStatementImpl.java:110)
	at com.intellij.psi.impl.source.tree.CompositePsiElement.acceptChildren(CompositePsiElement.java:81)
	at com.intellij.psi.PsiRecursiveElementVisitor.visitElement(PsiRecursiveElementVisitor.java:40)
	at com.codota.intellij.lean.psi.JavaContextCollectingVisitor.visitElement(JavaContextCollectingVisitor.java:58)
	at com.intellij.psi.impl.source.tree.java.PsiForStatementImpl.accept(PsiForStatementImpl.java:167)
	at com.intellij.psi.impl.source.tree.LazyParseablePsiElement.acceptChildren(LazyParseablePsiElement.java:106)
	at com.intellij.psi.PsiRecursiveElementVisitor.visitElement(PsiRecursiveElementVisitor.java:40)
	at com.codota.intellij.lean.psi.JavaContextCollectingVisitor.visitElement(JavaContextCollectingVisitor.java:58)
	at com.intellij.psi.impl.source.tree.java.PsiCodeBlockImpl.accept(PsiCodeBlockImpl.java:215)
	at com.intellij.psi.impl.source.tree.SharedImplUtil.acceptChildren(SharedImplUtil.java:200)
	at com.intellij.psi.impl.source.JavaStubPsiElement.acceptChildren(JavaStubPsiElement.java:146)
	at com.intellij.psi.PsiRecursiveElementVisitor.visitElement(PsiRecursiveElementVisitor.java:40)
	at com.codota.intellij.lean.psi.JavaContextCollectingVisitor.visitElement(JavaContextCollectingVisitor.java:58)
	at com.codota.intellij.lean.psi.PsiUtils.getInvocationContext(PsiUtils.java:102)
	at com.codota.intellij.lean.psi.PsiUtils.getInvocationContext(PsiUtils.java:61)
	at com.codota.intellij.lean.assistant.actions.QueryFromPosition.makeQuery(QueryFromPosition.java:174)
	at com.codota.intellij.lean.assistant.actions.QueryFromPosition.makeLocalCompletionQuery(QueryFromPosition.java:110)
	at com.codota.intellij.lean.assistant.completion.local.LocalCompletionGetter.makeQuery(LocalCompletionGetter.java:85)
	at com.codota.intellij.lean.assistant.completion.local.BaseCompletionProvider.addCompletions(BaseCompletionProvider.java:81)
	at com.intellij.codeInsight.completion.CompletionProvider.addCompletionVariants(CompletionProvider.java:36)
	at com.intellij.codeInsight.completion.CompletionContributor.fillCompletionVariants(CompletionContributor.java:141)
	at com.intellij.codeInsight.completion.CompletionService.getVariantsFromContributors(CompletionService.java:89)
	at com.intellij.codeInsight.completion.CompletionResultSet.runRemainingContributors(CompletionResultSet.java:149)
	at com.intellij.codeInsight.completion.CompletionResultSet.runRemainingContributors(CompletionResultSet.java:142)
	at com.intellij.codeInsight.completion.JShellCompletionContributor.fillCompletionVariants(JShellCompletionContributor.java:27)
	at com.intellij.codeInsight.completion.CompletionService.getVariantsFromContributors(CompletionService.java:89)
	at com.intellij.codeInsight.completion.CompletionResultSet.runRemainingContributors(CompletionResultSet.java:149)
	at com.intellij.codeInsight.completion.CompletionResultSet.runRemainingContributors(CompletionResultSet.java:142)
	at com.intellij.codeInsight.completion.JavaNoVariantsDelegator.fillCompletionVariants(JavaNoVariantsDelegator.java:61)
	at com.intellij.codeInsight.completion.CompletionService.getVariantsFromContributors(CompletionService.java:89)
	at com.intellij.codeInsight.completion.CompletionResultSet.runRemainingContributors(CompletionResultSet.java:149)
	at com.intellij.codeInsight.completion.CompletionResultSet.runRemainingContributors(CompletionResultSet.java:142)
	at com.intellij.codeInsight.template.impl.LiveTemplateCompletionContributor$2.addCompletions(LiveTemplateCompletionContributor.java:92)
	at com.intellij.codeInsight.completion.CompletionProvider.addCompletionVariants(CompletionProvider.java:36)
	at com.intellij.codeInsight.completion.CompletionContributor.fillCompletionVariants(CompletionContributor.java:141)
	at com.intellij.codeInsight.completion.CompletionService.getVariantsFromContributors(CompletionService.java:89)
	at com.intellij.codeInsight.completion.CompletionService.performCompletion(CompletionService.java:118)
	at com.intellij.codeInsight.completion.CompletionProgressIndicator.calculateItems(CompletionProgressIndicator.java:815)
	at com.intellij.codeInsight.completion.CompletionProgressIndicator.runContributors(CompletionProgressIndicator.java:800)
	at com.intellij.codeInsight.completion.CodeCompletionHandlerBase.lambda$null$2(CodeCompletionHandlerBase.java:266)
	at com.intellij.openapi.application.impl.ApplicationImpl.tryRunReadAction(ApplicationImpl.java:1161)
	at com.intellij.codeInsight.completion.AsyncCompletion.tryReadOrCancel(CompletionThreading.java:181)
	at com.intellij.codeInsight.completion.CodeCompletionHandlerBase.lambda$doComplete$3(CodeCompletionHandlerBase.java:263)
	at com.intellij.codeInsight.completion.AsyncCompletion.lambda$null$0(CompletionThreading.java:108)
	at com.intellij.openapi.progress.impl.CoreProgressManager.lambda$runProcess$1(CoreProgressManager.java:157)
	at com.intellij.openapi.progress.impl.CoreProgressManager.registerIndicatorAndRun(CoreProgressManager.java:580)
	at com.intellij.openapi.progress.impl.CoreProgressManager.executeProcessUnderProgress(CoreProgressManager.java:525)
	at com.intellij.openapi.progress.impl.ProgressManagerImpl.executeProcessUnderProgress(ProgressManagerImpl.java:85)
	at com.intellij.openapi.progress.impl.CoreProgressManager.runProcess(CoreProgressManager.java:144)
	at com.intellij.codeInsight.completion.AsyncCompletion.lambda$startThread$1(CompletionThreading.java:104)
	at com.intellij.openapi.application.impl.ApplicationImpl$1.run(ApplicationImpl.java:314)
	at java.util.concurrent.Executors$RunnableAdapter.call(Executors.java:511)
	at java.util.concurrent.FutureTask.run(FutureTask.java:266)
	at java.util.concurrent.ThreadPoolExecutor.runWorker(ThreadPoolExecutor.java:1142)
	at java.util.concurrent.ThreadPoolExecutor$Worker.run(ThreadPoolExecutor.java:617)
	at java.lang.Thread.run(Thread.java:745)
2018-11-08 21:09:26 INFO  ApacheHttpClient.sendEvent(470) - responseCode = 200
2018-11-08 21:10:26 INFO  ApacheHttpClient.sendEvent(470) - responseCode = 200
2018-11-08 21:11:26 INFO  ApacheHttpClient.sendEvent(470) - responseCode = 200
2018-11-08 21:12:26 INFO  ApacheHttpClient.sendEvent(470) - responseCode = 200
2018-11-08 21:13:26 INFO  ApacheHttpClient.sendEvent(470) - responseCode = 200
2018-11-08 21:14:26 INFO  ApacheHttpClient.sendEvent(470) - responseCode = 200
2018-11-08 21:15:26 INFO  ApacheHttpClient.sendEvent(470) - responseCode = 200
2018-11-08 21:16:26 INFO  ApacheHttpClient.sendEvent(470) - responseCode = 200
2018-11-08 21:17:26 INFO  ApacheHttpClient.sendEvent(470) - responseCode = 200
2018-11-08 21:18:26 INFO  ApacheHttpClient.sendEvent(470) - responseCode = 200
2018-11-08 21:19:26 INFO  ApacheHttpClient.sendEvent(470) - responseCode = 200
2018-11-08 21:20:14 WARN  Codota.warn(81) - Failed to query new line completions. variables = [XRefItem{className='java.lang.String[]', methodName='null'}, XRefItem{className='List', methodName='null'}, XRefItem{className='List', methodName='null'}], fields = []
java.util.concurrent.TimeoutException
	at java.util.concurrent.CompletableFuture.timedGet(CompletableFuture.java:1771)
	at java.util.concurrent.CompletableFuture.get(CompletableFuture.java:1915)
	at com.codota.intellij.lean.assistant.completion.CompletionGetterHelper.getCompletionsInner(CompletionGetterHelper.java:75)
	at com.codota.intellij.lean.assistant.completion.CompletionGetterHelper.getCompletions(CompletionGetterHelper.java:100)
	at com.codota.intellij.lean.assistant.completion.local.newline.NewLineCompletionGetter.getCompletions(NewLineCompletionGetter.java:38)
	at com.codota.intellij.lean.assistant.completion.local.newline.NewLineCompletionProvider.lambda$addCompletions$1(NewLineCompletionProvider.java:58)
	at com.codota.intellij.lean.assistant.completion.local.newline.NewLineCompletion.executeNewLineAction(NewLineCompletion.java:58)
	at com.codota.intellij.lean.assistant.completion.local.newline.NewLineCompletionProvider.addCompletions(NewLineCompletionProvider.java:49)
	at com.intellij.codeInsight.completion.CompletionProvider.addCompletionVariants(CompletionProvider.java:36)
	at com.intellij.codeInsight.completion.CompletionContributor.fillCompletionVariants(CompletionContributor.java:141)
	at com.intellij.codeInsight.completion.CompletionService.getVariantsFromContributors(CompletionService.java:89)
	at com.intellij.codeInsight.completion.CompletionResultSet.runRemainingContributors(CompletionResultSet.java:149)
	at com.intellij.codeInsight.completion.CompletionResultSet.runRemainingContributors(CompletionResultSet.java:142)
	at com.intellij.codeInsight.completion.JShellCompletionContributor.fillCompletionVariants(JShellCompletionContributor.java:27)
	at com.intellij.codeInsight.completion.CompletionService.getVariantsFromContributors(CompletionService.java:89)
	at com.intellij.codeInsight.completion.CompletionResultSet.runRemainingContributors(CompletionResultSet.java:149)
	at com.intellij.codeInsight.completion.CompletionResultSet.runRemainingContributors(CompletionResultSet.java:142)
	at com.intellij.codeInsight.completion.JavaNoVariantsDelegator.fillCompletionVariants(JavaNoVariantsDelegator.java:61)
	at com.intellij.codeInsight.completion.CompletionService.getVariantsFromContributors(CompletionService.java:89)
	at com.intellij.codeInsight.completion.CompletionResultSet.runRemainingContributors(CompletionResultSet.java:149)
	at com.intellij.codeInsight.completion.CompletionResultSet.runRemainingContributors(CompletionResultSet.java:142)
	at com.intellij.codeInsight.template.impl.LiveTemplateCompletionContributor$2.addCompletions(LiveTemplateCompletionContributor.java:92)
	at com.intellij.codeInsight.completion.CompletionProvider.addCompletionVariants(CompletionProvider.java:36)
	at com.intellij.codeInsight.completion.CompletionContributor.fillCompletionVariants(CompletionContributor.java:141)
	at com.intellij.codeInsight.completion.CompletionService.getVariantsFromContributors(CompletionService.java:89)
	at com.intellij.codeInsight.completion.CompletionService.performCompletion(CompletionService.java:118)
	at com.intellij.codeInsight.completion.CompletionProgressIndicator.calculateItems(CompletionProgressIndicator.java:815)
	at com.intellij.codeInsight.completion.CompletionProgressIndicator.runContributors(CompletionProgressIndicator.java:800)
	at com.intellij.codeInsight.completion.CodeCompletionHandlerBase.lambda$null$2(CodeCompletionHandlerBase.java:266)
	at com.intellij.openapi.application.impl.ApplicationImpl.tryRunReadAction(ApplicationImpl.java:1161)
	at com.intellij.codeInsight.completion.AsyncCompletion.tryReadOrCancel(CompletionThreading.java:181)
	at com.intellij.codeInsight.completion.CodeCompletionHandlerBase.lambda$doComplete$3(CodeCompletionHandlerBase.java:263)
	at com.intellij.codeInsight.completion.AsyncCompletion.lambda$null$0(CompletionThreading.java:108)
	at com.intellij.openapi.progress.impl.CoreProgressManager.lambda$runProcess$1(CoreProgressManager.java:157)
	at com.intellij.openapi.progress.impl.CoreProgressManager.registerIndicatorAndRun(CoreProgressManager.java:580)
	at com.intellij.openapi.progress.impl.CoreProgressManager.executeProcessUnderProgress(CoreProgressManager.java:525)
	at com.intellij.openapi.progress.impl.ProgressManagerImpl.executeProcessUnderProgress(ProgressManagerImpl.java:85)
	at com.intellij.openapi.progress.impl.CoreProgressManager.runProcess(CoreProgressManager.java:144)
	at com.intellij.codeInsight.completion.AsyncCompletion.lambda$startThread$1(CompletionThreading.java:104)
	at com.intellij.openapi.application.impl.ApplicationImpl$1.run(ApplicationImpl.java:314)
	at java.util.concurrent.Executors$RunnableAdapter.call(Executors.java:511)
	at java.util.concurrent.FutureTask.run(FutureTask.java:266)
	at java.util.concurrent.ThreadPoolExecutor.runWorker(ThreadPoolExecutor.java:1142)
	at java.util.concurrent.ThreadPoolExecutor$Worker.run(ThreadPoolExecutor.java:617)
	at java.lang.Thread.run(Thread.java:745)
2018-11-08 21:20:26 INFO  ApacheHttpClient.sendEvent(470) - responseCode = 200
2018-11-08 21:21:26 INFO  ApacheHttpClient.sendEvent(470) - responseCode = 200
2018-11-08 21:22:26 INFO  ApacheHttpClient.sendEvent(470) - responseCode = 200
2018-11-08 21:23:26 INFO  ApacheHttpClient.sendEvent(470) - responseCode = 200
2018-11-08 21:24:26 INFO  ApacheHttpClient.sendEvent(470) - responseCode = 200
2018-11-08 21:25:26 INFO  ApacheHttpClient.sendEvent(470) - responseCode = 200
2018-11-08 21:26:26 INFO  ApacheHttpClient.sendEvent(470) - responseCode = 200
2018-11-08 21:27:26 INFO  ApacheHttpClient.sendEvent(470) - responseCode = 200
2018-11-08 21:28:26 INFO  ApacheHttpClient.sendEvent(470) - responseCode = 200
2018-11-08 21:29:26 INFO  ApacheHttpClient.sendEvent(470) - responseCode = 200
2018-11-08 21:30:26 INFO  ApacheHttpClient.sendEvent(470) - responseCode = 200
2018-11-08 21:31:26 INFO  ApacheHttpClient.sendEvent(470) - responseCode = 200
2018-11-08 21:32:26 INFO  ApacheHttpClient.sendEvent(470) - responseCode = 200
2018-11-08 21:33:26 INFO  ApacheHttpClient.sendEvent(470) - responseCode = 200
2018-11-08 21:34:26 INFO  ApacheHttpClient.sendEvent(470) - responseCode = 200
2018-11-08 21:35:26 INFO  ApacheHttpClient.sendEvent(470) - responseCode = 200
2018-11-08 21:36:26 INFO  ApacheHttpClient.sendEvent(470) - responseCode = 200
2018-11-08 21:37:26 INFO  ApacheHttpClient.sendEvent(470) - responseCode = 200
2018-11-08 21:38:26 INFO  ApacheHttpClient.sendEvent(470) - responseCode = 200
2018-11-08 21:39:26 INFO  ApacheHttpClient.sendEvent(470) - responseCode = 200
2018-11-08 21:40:26 INFO  ApacheHttpClient.sendEvent(470) - responseCode = 200
2018-11-08 21:41:26 INFO  ApacheHttpClient.sendEvent(470) - responseCode = 200
2018-11-08 21:42:26 INFO  ApacheHttpClient.sendEvent(470) - responseCode = 200
2018-11-08 21:43:26 INFO  ApacheHttpClient.sendEvent(470) - responseCode = 200
2018-11-08 21:44:26 INFO  ApacheHttpClient.sendEvent(470) - responseCode = 200
2018-11-08 21:45:26 INFO  ApacheHttpClient.sendEvent(470) - responseCode = 200
2018-11-08 21:46:26 INFO  ApacheHttpClient.sendEvent(470) - responseCode = 200
2018-11-08 21:47:26 INFO  ApacheHttpClient.sendEvent(470) - responseCode = 200
2018-11-08 21:48:26 INFO  ApacheHttpClient.sendEvent(470) - responseCode = 200
2018-11-08 21:49:26 INFO  ApacheHttpClient.sendEvent(470) - responseCode = 200
2018-11-08 21:50:26 INFO  ApacheHttpClient.sendEvent(470) - responseCode = 200
2018-11-08 21:51:26 INFO  ApacheHttpClient.sendEvent(470) - responseCode = 200
2018-11-08 21:52:26 INFO  ApacheHttpClient.sendEvent(470) - responseCode = 200
2018-11-08 21:53:26 INFO  ApacheHttpClient.sendEvent(470) - responseCode = 200
2018-11-08 21:54:26 INFO  ApacheHttpClient.sendEvent(470) - responseCode = 200
2018-11-08 21:55:26 INFO  ApacheHttpClient.sendEvent(470) - responseCode = 200
2018-11-08 21:56:26 INFO  ApacheHttpClient.sendEvent(470) - responseCode = 200
2018-11-08 21:57:26 INFO  ApacheHttpClient.sendEvent(470) - responseCode = 200
2018-11-08 21:58:26 INFO  ApacheHttpClient.sendEvent(470) - responseCode = 200
2018-11-08 21:59:26 INFO  ApacheHttpClient.sendEvent(470) - responseCode = 200
2018-11-08 22:00:45 ERROR ApacheHttpClient.processExceptionSendEvent(102) - (super) Ошибка во время отправки ивента на сервер.
2018-11-08 22:01:26 INFO  ApacheHttpClient.sendEvent(470) - responseCode = 200
2018-11-08 22:02:26 INFO  ApacheHttpClient.sendEvent(470) - responseCode = 200
2018-11-08 22:03:26 INFO  ApacheHttpClient.sendEvent(470) - responseCode = 200
2018-11-08 22:04:26 INFO  ApacheHttpClient.sendEvent(470) - responseCode = 200
2018-11-08 22:05:26 INFO  ApacheHttpClient.sendEvent(470) - responseCode = 200
2018-11-08 22:06:26 INFO  ApacheHttpClient.sendEvent(470) - responseCode = 200
2018-11-08 22:07:26 INFO  ApacheHttpClient.sendEvent(470) - responseCode = 200
2018-11-08 22:08:26 INFO  ApacheHttpClient.sendEvent(470) - responseCode = 200
2018-11-08 22:09:26 INFO  ApacheHttpClient.sendEvent(470) - responseCode = 200
2018-11-08 22:10:26 INFO  ApacheHttpClient.sendEvent(470) - responseCode = 200
2018-11-08 22:11:26 INFO  ApacheHttpClient.sendEvent(470) - responseCode = 200
2018-11-08 22:12:26 INFO  ApacheHttpClient.sendEvent(470) - responseCode = 200
2018-11-08 22:13:26 INFO  ApacheHttpClient.sendEvent(470) - responseCode = 200
2018-11-08 22:14:26 INFO  ApacheHttpClient.sendEvent(470) - responseCode = 200
2018-11-08 22:15:26 INFO  ApacheHttpClient.sendEvent(470) - responseCode = 200
2018-11-08 22:16:26 INFO  ApacheHttpClient.sendEvent(470) - responseCode = 200
2018-11-08 22:17:26 INFO  ApacheHttpClient.sendEvent(470) - responseCode = 200
2018-11-08 22:18:17 INFO  ApacheHttpClient.getWebResourceAsStream(437) - responseCode = 200
2018-11-08 22:18:18 INFO  ApacheHttpClient.getTask(422) - responseCode = 200
2018-11-08 22:18:20 INFO  ApacheHttpClient.getWebResourceAsStream(437) - responseCode = 200
2018-11-08 22:18:21 INFO  ApacheHttpClient.completed(27) - responseCode = 200
2018-11-08 22:18:26 INFO  ApacheHttpClient.sendEvent(470) - responseCode = 200
2018-11-08 22:19:26 INFO  ApacheHttpClient.sendEvent(470) - responseCode = 200
2018-11-08 22:20:27 INFO  ApacheHttpClient.sendEvent(470) - responseCode = 200
2018-11-08 22:21:26 INFO  ApacheHttpClient.sendEvent(470) - responseCode = 200
2018-11-08 22:22:19 WARN  Codota.warn(81) - Failed to query completions 
com.intellij.openapi.progress.ProcessCanceledException
	at com.intellij.openapi.progress.util.AbstractProgressIndicatorBase.throwIfCanceled(AbstractProgressIndicatorBase.java:144)
	at com.intellij.openapi.progress.util.AbstractProgressIndicatorBase.checkCanceled(AbstractProgressIndicatorBase.java:135)
	at com.intellij.openapi.progress.util.AbstractProgressIndicatorExBase.checkCanceled(AbstractProgressIndicatorExBase.java:103)
	at com.intellij.openapi.progress.impl.CoreProgressManager.doCheckCanceled(CoreProgressManager.java:120)
	at com.intellij.openapi.progress.ProgressManager.checkCanceled(ProgressManager.java:208)
	at com.intellij.util.indexing.VfsAwareMapIndexStorage.checkCanceled(VfsAwareMapIndexStorage.java:85)
	at com.intellij.util.indexing.impl.MapIndexStorage$1.checkCancellation(MapIndexStorage.java:78)
	at com.intellij.util.io.PersistentHashMapValueStorage.checkCancellation(PersistentHashMapValueStorage.java:666)
	at com.intellij.util.io.PersistentHashMapValueStorage.readBytes(PersistentHashMapValueStorage.java:535)
	at com.intellij.util.io.PersistentHashMap.doGet(PersistentHashMap.java:582)
	at com.intellij.util.io.PersistentHashMap.get(PersistentHashMap.java:533)
	at com.intellij.util.indexing.impl.MapIndexStorage$3$1.compute(MapIndexStorage.java:115)
	at com.intellij.util.indexing.impl.MapIndexStorage$3$1.compute(MapIndexStorage.java:103)
	at com.intellij.util.indexing.impl.ChangeTrackingValueContainer.getMergedData(ChangeTrackingValueContainer.java:109)
	at com.intellij.util.indexing.impl.ChangeTrackingValueContainer.getValueIterator(ChangeTrackingValueContainer.java:88)
	at com.intellij.util.indexing.ValueContainer.forEach(ValueContainer.java:58)
	at com.intellij.psi.stubs.StubIndexImpl.lambda$null$0(StubIndexImpl.java:345)
	at com.intellij.util.ConcurrencyUtil.withLock(ConcurrencyUtil.java:253)
	at com.intellij.psi.stubs.StubIndexImpl.lambda$null$1(StubIndexImpl.java:343)
	at com.intellij.util.indexing.FileBasedIndexImpl.disableUpToDateCheckIn(FileBasedIndexImpl.java:668)
	at com.intellij.psi.stubs.StubIndexImpl.lambda$doProcessStubs$2(StubIndexImpl.java:342)
	at com.intellij.util.indexing.IndexAccessValidator.validate(IndexAccessValidator.java:43)
	at com.intellij.psi.stubs.StubIndexImpl.doProcessStubs(StubIndexImpl.java:340)
	at com.intellij.psi.stubs.StubIndexImpl.processElements(StubIndexImpl.java:312)
	at com.intellij.psi.stubs.StubIndex.getElements(StubIndex.java:145)
	at com.intellij.psi.stubs.StubIndex.getElements(StubIndex.java:134)
	at com.intellij.psi.impl.java.stubs.index.JavaFullClassNameIndex.get(JavaFullClassNameIndex.java:47)
	at com.intellij.psi.impl.file.impl.JavaFileManagerImpl.doFindClasses(JavaFileManagerImpl.java:88)
	at com.intellij.psi.impl.file.impl.JavaFileManagerImpl.findClass(JavaFileManagerImpl.java:123)
	at com.intellij.psi.impl.PsiElementFinderImpl.findClass(PsiElementFinderImpl.java:39)
	at com.intellij.psi.impl.JavaPsiFacadeImpl.doFindClass(JavaPsiFacadeImpl.java:125)
	at com.intellij.psi.impl.JavaPsiFacadeImpl.findClass(JavaPsiFacadeImpl.java:102)
	at com.intellij.psi.util.PsiSuperMethodUtil.correctClassByScope(PsiSuperMethodUtil.java:128)
	at com.intellij.psi.impl.TypeCorrector.visitClassType(TypeCorrector.java:72)
	at com.intellij.psi.impl.TypeCorrector.visitClassType(TypeCorrector.java:19)
	at com.intellij.psi.PsiClassType.accept(PsiClassType.java:237)
	at com.intellij.psi.PsiTypeMapper.mapType(PsiTypeMapper.java:36)
	at com.intellij.psi.impl.TypeCorrector.mapSubstitutor(TypeCorrector.java:101)
	at com.intellij.psi.impl.TypeCorrector.access$600(TypeCorrector.java:19)
	at com.intellij.psi.impl.TypeCorrector$CorrectedResolveResult.getSubstitutor(TypeCorrector.java:254)
	at com.intellij.psi.scope.util.PsiScopesUtil.processQualifierResult(PsiScopesUtil.java:496)
	at com.intellij.psi.scope.util.PsiScopesUtil.processQualifierType(PsiScopesUtil.java:453)
	at com.intellij.psi.scope.util.PsiScopesUtil.setupAndRunProcessor(PsiScopesUtil.java:359)
	at com.intellij.psi.impl.source.tree.java.PsiReferenceExpressionImpl.resolveToMethod(PsiReferenceExpressionImpl.java:307)
	at com.intellij.psi.impl.source.tree.java.PsiReferenceExpressionImpl.resolve(PsiReferenceExpressionImpl.java:285)
	at com.intellij.psi.impl.source.tree.java.PsiReferenceExpressionImpl.access$000(PsiReferenceExpressionImpl.java:47)
	at com.intellij.psi.impl.source.tree.java.PsiReferenceExpressionImpl$OurGenericsResolver.resolve(PsiReferenceExpressionImpl.java:189)
	at com.intellij.psi.impl.source.tree.java.PsiReferenceExpressionImpl$OurGenericsResolver.resolve(PsiReferenceExpressionImpl.java:178)
	at com.intellij.psi.impl.source.resolve.ResolveCache.lambda$resolveWithCaching$1(ResolveCache.java:203)
	at com.intellij.openapi.util.RecursionManager$2.doPreventingRecursion(RecursionManager.java:99)
	at com.intellij.psi.impl.source.resolve.ResolveCache.resolveWithCaching(ResolveCache.java:202)
	at com.intellij.psi.impl.PsiImplUtil.multiResolveImpl(PsiImplUtil.java:724)
	at com.intellij.psi.impl.PsiImplUtil.multiResolveImpl(PsiImplUtil.java:715)
	at com.intellij.psi.impl.source.tree.java.PsiReferenceExpressionImpl.multiResolve(PsiReferenceExpressionImpl.java:353)
	at com.intellij.psi.impl.source.tree.java.PsiReferenceExpressionImpl.advancedResolve(PsiReferenceExpressionImpl.java:525)
	at com.intellij.psi.impl.source.tree.java.PsiReferenceExpressionImpl.resolve(PsiReferenceExpressionImpl.java:825)
	at com.codota.intellij.lean.xref.XRefItemBuilder.handleMethodCallExpression(XRefItemBuilder.java:154)
	at com.codota.intellij.lean.xref.XRefItemBuilder.withPsiCallExpression(XRefItemBuilder.java:128)
	at com.codota.intellij.lean.psi.JavaContextCollectingVisitor.lambda$getResolvedInvocations$0(JavaContextCollectingVisitor.java:95)
	at java.util.stream.ReferencePipeline$3$1.accept(ReferencePipeline.java:193)
	at java.util.ArrayList$ArrayListSpliterator.forEachRemaining(ArrayList.java:1376)
	at java.util.stream.AbstractPipeline.copyInto(AbstractPipeline.java:481)
	at java.util.stream.AbstractPipeline.wrapAndCopyInto(AbstractPipeline.java:471)
	at java.util.stream.ReduceOps$ReduceOp.evaluateSequential(ReduceOps.java:708)
	at java.util.stream.AbstractPipeline.evaluate(AbstractPipeline.java:234)
	at java.util.stream.ReferencePipeline.collect(ReferencePipeline.java:499)
	at com.codota.intellij.lean.psi.JavaContextCollectingVisitor.getResolvedInvocations(JavaContextCollectingVisitor.java:96)
	at com.codota.intellij.lean.psi.PsiUtils.getInvocationContext(PsiUtils.java:104)
	at com.codota.intellij.lean.psi.PsiUtils.getInvocationContext(PsiUtils.java:61)
	at com.codota.intellij.lean.assistant.completion.local.LocalCompletionGetter.makeQuery(LocalCompletionGetter.java:105)
	at com.codota.intellij.lean.assistant.completion.local.ExpressionsCompletionProvider.lambda$addCompletions$0(ExpressionsCompletionProvider.java:94)
	at java.util.Optional.map(Optional.java:215)
	at com.codota.intellij.lean.assistant.completion.local.ExpressionsCompletionProvider.addCompletions(ExpressionsCompletionProvider.java:80)
	at com.intellij.codeInsight.completion.CompletionProvider.addCompletionVariants(CompletionProvider.java:36)
	at com.intellij.codeInsight.completion.CompletionContributor.fillCompletionVariants(CompletionContributor.java:141)
	at com.intellij.codeInsight.completion.CompletionService.getVariantsFromContributors(CompletionService.java:89)
	at com.intellij.codeInsight.completion.CompletionResultSet.runRemainingContributors(CompletionResultSet.java:149)
	at com.intellij.codeInsight.completion.CompletionResultSet.runRemainingContributors(CompletionResultSet.java:142)
	at com.intellij.codeInsight.completion.JShellCompletionContributor.fillCompletionVariants(JShellCompletionContributor.java:27)
	at com.intellij.codeInsight.completion.CompletionService.getVariantsFromContributors(CompletionService.java:89)
	at com.intellij.codeInsight.completion.CompletionResultSet.runRemainingContributors(CompletionResultSet.java:149)
	at com.intellij.codeInsight.completion.CompletionResultSet.runRemainingContributors(CompletionResultSet.java:142)
	at com.intellij.codeInsight.completion.JavaNoVariantsDelegator.fillCompletionVariants(JavaNoVariantsDelegator.java:61)
	at com.intellij.codeInsight.completion.CompletionService.getVariantsFromContributors(CompletionService.java:89)
	at com.intellij.codeInsight.completion.CompletionResultSet.runRemainingContributors(CompletionResultSet.java:149)
	at com.intellij.codeInsight.completion.CompletionResultSet.runRemainingContributors(CompletionResultSet.java:142)
	at com.intellij.codeInsight.template.impl.LiveTemplateCompletionContributor$2.addCompletions(LiveTemplateCompletionContributor.java:92)
	at com.intellij.codeInsight.completion.CompletionProvider.addCompletionVariants(CompletionProvider.java:36)
	at com.intellij.codeInsight.completion.CompletionContributor.fillCompletionVariants(CompletionContributor.java:141)
	at com.intellij.codeInsight.completion.CompletionService.getVariantsFromContributors(CompletionService.java:89)
	at com.intellij.codeInsight.completion.CompletionService.performCompletion(CompletionService.java:118)
	at com.intellij.codeInsight.completion.CompletionProgressIndicator.calculateItems(CompletionProgressIndicator.java:815)
	at com.intellij.codeInsight.completion.CompletionProgressIndicator.runContributors(CompletionProgressIndicator.java:800)
	at com.intellij.codeInsight.completion.CodeCompletionHandlerBase.lambda$null$2(CodeCompletionHandlerBase.java:266)
	at com.intellij.openapi.application.impl.ApplicationImpl.tryRunReadAction(ApplicationImpl.java:1161)
	at com.intellij.codeInsight.completion.AsyncCompletion.tryReadOrCancel(CompletionThreading.java:181)
	at com.intellij.codeInsight.completion.CodeCompletionHandlerBase.lambda$doComplete$3(CodeCompletionHandlerBase.java:263)
	at com.intellij.codeInsight.completion.AsyncCompletion.lambda$null$0(CompletionThreading.java:108)
	at com.intellij.openapi.progress.impl.CoreProgressManager.lambda$runProcess$1(CoreProgressManager.java:157)
	at com.intellij.openapi.progress.impl.CoreProgressManager.registerIndicatorAndRun(CoreProgressManager.java:580)
	at com.intellij.openapi.progress.impl.CoreProgressManager.executeProcessUnderProgress(CoreProgressManager.java:525)
	at com.intellij.openapi.progress.impl.ProgressManagerImpl.executeProcessUnderProgress(ProgressManagerImpl.java:85)
	at com.intellij.openapi.progress.impl.CoreProgressManager.runProcess(CoreProgressManager.java:144)
	at com.intellij.codeInsight.completion.AsyncCompletion.lambda$startThread$1(CompletionThreading.java:104)
	at com.intellij.openapi.application.impl.ApplicationImpl$1.run(ApplicationImpl.java:314)
	at java.util.concurrent.Executors$RunnableAdapter.call(Executors.java:511)
	at java.util.concurrent.FutureTask.run(FutureTask.java:266)
	at java.util.concurrent.ThreadPoolExecutor.runWorker(ThreadPoolExecutor.java:1142)
	at java.util.concurrent.ThreadPoolExecutor$Worker.run(ThreadPoolExecutor.java:617)
	at java.lang.Thread.run(Thread.java:745)
2018-11-08 22:22:26 INFO  ApacheHttpClient.sendEvent(470) - responseCode = 200
2018-11-08 22:22:32 WARN  Codota.warn(81) - Failed to query new line completions
com.intellij.openapi.progress.ProcessCanceledException
	at com.intellij.openapi.progress.util.AbstractProgressIndicatorBase.throwIfCanceled(AbstractProgressIndicatorBase.java:144)
	at com.intellij.openapi.progress.util.AbstractProgressIndicatorBase.checkCanceled(AbstractProgressIndicatorBase.java:135)
	at com.intellij.openapi.progress.util.AbstractProgressIndicatorExBase.checkCanceled(AbstractProgressIndicatorExBase.java:103)
	at com.intellij.openapi.progress.impl.CoreProgressManager.doCheckCanceled(CoreProgressManager.java:120)
	at com.intellij.openapi.progress.ProgressManager.checkCanceled(ProgressManager.java:208)
	at com.intellij.openapi.progress.ProgressIndicatorProvider.checkCanceled(ProgressIndicatorProvider.java:51)
	at com.intellij.psi.impl.JavaPsiFacadeImpl.findClass(JavaPsiFacadeImpl.java:93)
	at com.intellij.psi.util.PsiSuperMethodUtil.correctClassByScope(PsiSuperMethodUtil.java:128)
	at com.intellij.psi.util.PsiSuperMethodUtil.correctMethodByScope(PsiSuperMethodUtil.java:136)
	at com.intellij.psi.scope.conflictResolvers.JavaMethodsConflictResolver.collectCorrectedSuperMethods(JavaMethodsConflictResolver.java:272)
	at com.intellij.psi.scope.conflictResolvers.JavaMethodsConflictResolver.checkSameSignatures(JavaMethodsConflictResolver.java:217)
	at com.intellij.psi.scope.conflictResolvers.JavaMethodsConflictResolver.guardedOverloadResolution(JavaMethodsConflictResolver.java:83)
	at com.intellij.psi.scope.conflictResolvers.JavaMethodsConflictResolver.lambda$resolveConflict$0(JavaMethodsConflictResolver.java:71)
	at com.intellij.openapi.util.RecursionManager$2.doPreventingRecursion(RecursionManager.java:99)
	at com.intellij.psi.scope.conflictResolvers.JavaMethodsConflictResolver.resolveConflict(JavaMethodsConflictResolver.java:71)
	at com.intellij.psi.scope.processor.ConflictFilterProcessor.getResult(ConflictFilterProcessor.java:94)
	at com.intellij.psi.impl.source.tree.java.PsiReferenceExpressionImpl.resolveToMethod(PsiReferenceExpressionImpl.java:312)
	at com.intellij.psi.impl.source.tree.java.PsiReferenceExpressionImpl.resolve(PsiReferenceExpressionImpl.java:285)
	at com.intellij.psi.impl.source.tree.java.PsiReferenceExpressionImpl.access$000(PsiReferenceExpressionImpl.java:47)
	at com.intellij.psi.impl.source.tree.java.PsiReferenceExpressionImpl$OurGenericsResolver.resolve(PsiReferenceExpressionImpl.java:189)
	at com.intellij.psi.impl.source.tree.java.PsiReferenceExpressionImpl$OurGenericsResolver.resolve(PsiReferenceExpressionImpl.java:178)
	at com.intellij.psi.impl.source.resolve.ResolveCache.lambda$resolveWithCaching$1(ResolveCache.java:203)
	at com.intellij.openapi.util.RecursionManager$2.doPreventingRecursion(RecursionManager.java:99)
	at com.intellij.psi.impl.source.resolve.ResolveCache.resolveWithCaching(ResolveCache.java:202)
	at com.intellij.psi.impl.PsiImplUtil.multiResolveImpl(PsiImplUtil.java:724)
	at com.intellij.psi.impl.PsiImplUtil.multiResolveImpl(PsiImplUtil.java:715)
	at com.intellij.psi.impl.source.tree.java.PsiReferenceExpressionImpl.multiResolve(PsiReferenceExpressionImpl.java:353)
	at com.intellij.psi.impl.source.tree.java.PsiReferenceExpressionImpl.advancedResolve(PsiReferenceExpressionImpl.java:525)
	at com.intellij.psi.impl.source.tree.java.PsiReferenceExpressionImpl.resolve(PsiReferenceExpressionImpl.java:825)
	at com.codota.intellij.lean.xref.XRefItemBuilder.handleMethodCallExpression(XRefItemBuilder.java:154)
	at com.codota.intellij.lean.xref.XRefItemBuilder.withPsiCallExpression(XRefItemBuilder.java:128)
	at com.codota.intellij.lean.psi.JavaContextCollectingVisitor.lambda$getResolvedInvocations$0(JavaContextCollectingVisitor.java:95)
	at java.util.stream.ReferencePipeline$3$1.accept(ReferencePipeline.java:193)
	at java.util.ArrayList$ArrayListSpliterator.forEachRemaining(ArrayList.java:1376)
	at java.util.stream.AbstractPipeline.copyInto(AbstractPipeline.java:481)
	at java.util.stream.AbstractPipeline.wrapAndCopyInto(AbstractPipeline.java:471)
	at java.util.stream.ReduceOps$ReduceOp.evaluateSequential(ReduceOps.java:708)
	at java.util.stream.AbstractPipeline.evaluate(AbstractPipeline.java:234)
	at java.util.stream.ReferencePipeline.collect(ReferencePipeline.java:499)
	at com.codota.intellij.lean.psi.JavaContextCollectingVisitor.getResolvedInvocations(JavaContextCollectingVisitor.java:96)
	at com.codota.intellij.lean.psi.PsiUtils.getInvocationContext(PsiUtils.java:104)
	at com.codota.intellij.lean.psi.PsiUtils.getInvocationContext(PsiUtils.java:61)
	at com.codota.intellij.lean.assistant.completion.local.newline.NewLineCompletionGetter.makeQuery(NewLineCompletionGetter.java:45)
	at com.codota.intellij.lean.assistant.completion.local.newline.NewLineCompletionProvider.lambda$addCompletions$1(NewLineCompletionProvider.java:56)
	at com.codota.intellij.lean.assistant.completion.local.newline.NewLineCompletion.executeNewLineAction(NewLineCompletion.java:58)
	at com.codota.intellij.lean.assistant.completion.local.newline.NewLineCompletionProvider.addCompletions(NewLineCompletionProvider.java:49)
	at com.intellij.codeInsight.completion.CompletionProvider.addCompletionVariants(CompletionProvider.java:36)
	at com.intellij.codeInsight.completion.CompletionContributor.fillCompletionVariants(CompletionContributor.java:141)
	at com.intellij.codeInsight.completion.CompletionService.getVariantsFromContributors(CompletionService.java:89)
	at com.intellij.codeInsight.completion.CompletionResultSet.runRemainingContributors(CompletionResultSet.java:149)
	at com.intellij.codeInsight.completion.CompletionResultSet.runRemainingContributors(CompletionResultSet.java:142)
	at com.intellij.codeInsight.completion.JShellCompletionContributor.fillCompletionVariants(JShellCompletionContributor.java:27)
	at com.intellij.codeInsight.completion.CompletionService.getVariantsFromContributors(CompletionService.java:89)
	at com.intellij.codeInsight.completion.CompletionResultSet.runRemainingContributors(CompletionResultSet.java:149)
	at com.intellij.codeInsight.completion.CompletionResultSet.runRemainingContributors(CompletionResultSet.java:142)
	at com.intellij.codeInsight.completion.JavaNoVariantsDelegator.fillCompletionVariants(JavaNoVariantsDelegator.java:61)
	at com.intellij.codeInsight.completion.CompletionService.getVariantsFromContributors(CompletionService.java:89)
	at com.intellij.codeInsight.completion.CompletionResultSet.runRemainingContributors(CompletionResultSet.java:149)
	at com.intellij.codeInsight.completion.CompletionResultSet.runRemainingContributors(CompletionResultSet.java:142)
	at com.intellij.codeInsight.template.impl.LiveTemplateCompletionContributor$2.addCompletions(LiveTemplateCompletionContributor.java:92)
	at com.intellij.codeInsight.completion.CompletionProvider.addCompletionVariants(CompletionProvider.java:36)
	at com.intellij.codeInsight.completion.CompletionContributor.fillCompletionVariants(CompletionContributor.java:141)
	at com.intellij.codeInsight.completion.CompletionService.getVariantsFromContributors(CompletionService.java:89)
	at com.intellij.codeInsight.completion.CompletionService.performCompletion(CompletionService.java:118)
	at com.intellij.codeInsight.completion.CompletionProgressIndicator.calculateItems(CompletionProgressIndicator.java:815)
	at com.intellij.codeInsight.completion.CompletionProgressIndicator.runContributors(CompletionProgressIndicator.java:800)
	at com.intellij.codeInsight.completion.CodeCompletionHandlerBase.lambda$null$2(CodeCompletionHandlerBase.java:266)
	at com.intellij.openapi.application.impl.ApplicationImpl.tryRunReadAction(ApplicationImpl.java:1161)
	at com.intellij.codeInsight.completion.AsyncCompletion.tryReadOrCancel(CompletionThreading.java:181)
	at com.intellij.codeInsight.completion.CodeCompletionHandlerBase.lambda$doComplete$3(CodeCompletionHandlerBase.java:263)
	at com.intellij.codeInsight.completion.AsyncCompletion.lambda$null$0(CompletionThreading.java:108)
	at com.intellij.openapi.progress.impl.CoreProgressManager.lambda$runProcess$1(CoreProgressManager.java:157)
	at com.intellij.openapi.progress.impl.CoreProgressManager.registerIndicatorAndRun(CoreProgressManager.java:580)
	at com.intellij.openapi.progress.impl.CoreProgressManager.executeProcessUnderProgress(CoreProgressManager.java:525)
	at com.intellij.openapi.progress.impl.ProgressManagerImpl.executeProcessUnderProgress(ProgressManagerImpl.java:85)
	at com.intellij.openapi.progress.impl.CoreProgressManager.runProcess(CoreProgressManager.java:144)
	at com.intellij.codeInsight.completion.AsyncCompletion.lambda$startThread$1(CompletionThreading.java:104)
	at com.intellij.openapi.application.impl.ApplicationImpl$1.run(ApplicationImpl.java:314)
	at java.util.concurrent.Executors$RunnableAdapter.call(Executors.java:511)
	at java.util.concurrent.FutureTask.run(FutureTask.java:266)
	at java.util.concurrent.ThreadPoolExecutor.runWorker(ThreadPoolExecutor.java:1142)
	at java.util.concurrent.ThreadPoolExecutor$Worker.run(ThreadPoolExecutor.java:617)
	at java.lang.Thread.run(Thread.java:745)
2018-11-08 22:23:00 INFO  ApacheHttpClient.getWebResourceAsStream(437) - responseCode = 200
2018-11-08 22:23:01 INFO  ApacheHttpClient.getTask(422) - responseCode = 200
2018-11-08 22:23:01 INFO  ApacheHttpClient.completed(27) - responseCode = 200
2018-11-08 22:23:01 INFO  ApacheHttpClient.getWebResourceAsStream(437) - responseCode = 200
2018-11-08 22:23:26 INFO  ApacheHttpClient.sendEvent(470) - responseCode = 200
2018-11-08 22:23:27 INFO  ApacheHttpClient.getWebResourceAsStream(437) - responseCode = 200
2018-11-08 22:23:28 INFO  ApacheHttpClient.getTask(422) - responseCode = 200
2018-11-08 22:23:28 INFO  ApacheHttpClient.getWebResourceAsStream(437) - responseCode = 200
2018-11-08 22:23:31 INFO  ApacheHttpClient.completed(27) - responseCode = 200
2018-11-08 22:23:32 INFO  ApacheHttpClient.getTask(422) - responseCode = 200
2018-11-08 22:24:26 INFO  ApacheHttpClient.sendEvent(470) - responseCode = 200
2018-11-08 22:25:26 INFO  ApacheHttpClient.sendEvent(470) - responseCode = 200
2018-11-08 22:26:26 INFO  ApacheHttpClient.sendEvent(470) - responseCode = 200
2018-11-08 22:27:26 INFO  ApacheHttpClient.sendEvent(470) - responseCode = 200
2018-11-08 22:28:26 INFO  ApacheHttpClient.sendEvent(470) - responseCode = 200
2018-11-08 22:29:26 INFO  ApacheHttpClient.sendEvent(470) - responseCode = 200
2018-11-08 22:30:26 INFO  ApacheHttpClient.sendEvent(470) - responseCode = 200
2018-11-08 22:31:26 INFO  ApacheHttpClient.sendEvent(470) - responseCode = 200
2018-11-08 22:32:26 INFO  ApacheHttpClient.sendEvent(470) - responseCode = 200
2018-11-08 22:33:26 INFO  ApacheHttpClient.sendEvent(470) - responseCode = 200
2018-11-08 22:34:26 INFO  ApacheHttpClient.sendEvent(470) - responseCode = 200
2018-11-08 22:35:26 INFO  ApacheHttpClient.sendEvent(470) - responseCode = 200
2018-11-08 22:36:26 INFO  ApacheHttpClient.sendEvent(470) - responseCode = 200
2018-11-08 22:37:26 INFO  ApacheHttpClient.sendEvent(470) - responseCode = 200
2018-11-08 22:38:26 INFO  ApacheHttpClient.sendEvent(470) - responseCode = 200
2018-11-08 22:39:26 INFO  ApacheHttpClient.sendEvent(470) - responseCode = 200
2018-11-08 22:40:26 INFO  ApacheHttpClient.sendEvent(470) - responseCode = 200
2018-11-08 22:41:26 INFO  ApacheHttpClient.sendEvent(470) - responseCode = 200
2018-11-08 22:42:26 INFO  ApacheHttpClient.sendEvent(470) - responseCode = 200
2018-11-08 22:43:26 INFO  ApacheHttpClient.sendEvent(470) - responseCode = 200
2018-11-08 22:44:26 INFO  ApacheHttpClient.sendEvent(470) - responseCode = 200
2018-11-08 22:45:26 INFO  ApacheHttpClient.sendEvent(470) - responseCode = 200
2018-11-08 22:46:26 INFO  ApacheHttpClient.sendEvent(470) - responseCode = 200
2018-11-08 22:47:26 INFO  ApacheHttpClient.sendEvent(470) - responseCode = 200
2018-11-08 22:48:26 INFO  ApacheHttpClient.sendEvent(470) - responseCode = 200
2018-11-08 22:49:26 INFO  ApacheHttpClient.sendEvent(470) - responseCode = 200
2018-11-08 22:50:26 INFO  ApacheHttpClient.sendEvent(470) - responseCode = 200
